
> ai-accounting@0.0.0 type-check
> vue-tsc --build --force

src/AaaLayout.vue(94,10): error TS2724: '"@/composables/useAccountingSystem"' has no exported member named 'useAccountingSystem'. Did you mean 'aaa_useAccountingSystem'?
src/AaaLayout.vue(96,10): error TS2724: '"@/composables/useDataConversion"' has no exported member named 'useDataConversion'. Did you mean 'aaa_useDataConversion'?
src/adapters/journalEntryAdapter.ts(57,41): error TS2339: Property 'drAmount' does not exist on type '{ lineId: string; accountCode?: string | undefined; accountName?: string | undefined; subAccount?: string | undefined; debit?: number | undefined; credit?: number | undefined; vendorNameRaw?: string | undefined; ... 14 more ...; outOfPeriodReason?: string | undefined; }'.
src/adapters/journalEntryAdapter.ts(58,42): error TS2339: Property 'crAmount' does not exist on type '{ lineId: string; accountCode?: string | undefined; accountName?: string | undefined; subAccount?: string | undefined; debit?: number | undefined; credit?: number | undefined; vendorNameRaw?: string | undefined; ... 14 more ...; outOfPeriodReason?: string | undefined; }'.
src/adapters/journalEntryAdapter.ts(60,29): error TS2339: Property 'drAccount' does not exist on type '{ lineId: string; accountCode?: string | undefined; accountName?: string | undefined; subAccount?: string | undefined; debit?: number | undefined; credit?: number | undefined; vendorNameRaw?: string | undefined; ... 14 more ...; outOfPeriodReason?: string | undefined; }'.
src/adapters/journalEntryAdapter.ts(60,47): error TS2339: Property 'crAccount' does not exist on type '{ lineId: string; accountCode?: string | undefined; accountName?: string | undefined; subAccount?: string | undefined; debit?: number | undefined; credit?: number | undefined; vendorNameRaw?: string | undefined; ... 14 more ...; outOfPeriodReason?: string | undefined; }'.
src/adapters/journalEntryAdapter.ts(74,28): error TS2339: Property 'drAmount' does not exist on type '{ lineId: string; accountCode?: string | undefined; accountName?: string | undefined; subAccount?: string | undefined; debit?: number | undefined; credit?: number | undefined; vendorNameRaw?: string | undefined; ... 14 more ...; outOfPeriodReason?: string | undefined; }'.
src/adapters/journalEntryAdapter.ts(94,28): error TS2339: Property 'drAmount' does not exist on type '{ lineId: string; accountCode?: string | undefined; accountName?: string | undefined; subAccount?: string | undefined; debit?: number | undefined; credit?: number | undefined; vendorNameRaw?: string | undefined; ... 14 more ...; outOfPeriodReason?: string | undefined; }'.
src/adapters/journalEntryAdapter.ts(98,32): error TS2339: Property 'alerts' does not exist on type '{ id: string; status: "Draft"; lines: { lineId: string; accountCode?: string | undefined; accountName?: string | undefined; subAccount?: string | undefined; debit?: number | undefined; credit?: number | undefined; ... 15 more ...; outOfPeriodReason?: string | undefined; }[]; ... 19 more ...; approvalWorkflow?: { ......'.
src/api/index.ts(3,1): error TS6133: 'cors' is declared but its value is never read.
src/api/index.ts(50,47): error TS7030: Not all code paths return a value.
src/api/lib/ai/strategies/VertexAIStrategy.ts(7,13): error TS6133: 'location' is declared but its value is never read.
src/api/lib/ai/strategy/ZuboraLogic.ts(1,1): error TS6133: 'z' is declared but its value is never read.
src/api/lib/ai/strategy/ZuboraLogic.ts(75,36): error TS18048: 'receipt' is possibly 'undefined'.
src/api/lib/ai/strategy/ZuboraLogic.ts(83,58): error TS2345: Argument of type 'EvidenceFile | undefined' is not assignable to parameter of type 'EvidenceFile'.
  Type 'undefined' is not assignable to type 'EvidenceFile'.
src/api/lib/ai/strategy/ZuboraLogic.ts(88,61): error TS18048: 'receipt' is possibly 'undefined'.
src/api/lib/ai/strategy/ZuboraLogic.ts(102,65): error TS18048: 'receipt' is possibly 'undefined'.
src/api/lib/ai/strategy/ZuboraLogic.ts(156,32): error TS6133: 'd1' is declared but its value is never read.
src/api/lib/ai/strategy/ZuboraLogic.ts(156,42): error TS6133: 'd2' is declared but its value is never read.
src/api/lib/ai/strategy/ZuboraLogic.ts(161,36): error TS6133: 'target' is declared but its value is never read.
src/api/lib/ai/strategy/ZuboraLogic.ts(161,52): error TS6133: 'pool' is declared but its value is never read.
src/api/lib/ai/strategy/ZuboraLogic.ts(161,74): error TS6133: 'anchorDate' is declared but its value is never read.
src/api/lib/ai/strategy/ZuboraLogic.ts(161,92): error TS6133: 'windowDays' is declared but its value is never read.
src/api/lib/globalLogger.ts(13,23): error TS2532: Object is possibly 'undefined'.
src/api/routes/admin.ts(46,7): error TS6133: 'AdminDashboardSchema' is declared but its value is never read.
src/api/routes/admin.ts(90,27): error TS7030: Not all code paths return a value.
src/api/routes/ai-models.ts(12,43): error TS2339: Property 'listAvailableModels' does not exist on type 'Promise<AIProvider>'.
src/api/routes/ai-rules.ts(32,13): error TS2353: Object literal may only specify known properties, and 'actions' does not exist in type 'LearningRuleUi'.
src/api/routes/ai-rules.ts(45,13): error TS2353: Object literal may only specify known properties, and 'actions' does not exist in type 'LearningRuleUi'.
src/api/routes/ai-rules.ts(59,13): error TS2353: Object literal may only specify known properties, and 'actions' does not exist in type 'LearningRuleUi'.
src/api/routes/ai-rules.ts(113,13): error TS2353: Object literal may only specify known properties, and 'actions' does not exist in type 'LearningRuleUi'.
src/api/routes/ai-rules.ts(151,27): error TS18048: 'currentRule' is possibly 'undefined'.
src/api/routes/ai-rules.ts(156,42): error TS18048: 'currentRule' is possibly 'undefined'.
src/api/routes/ai-rules.ts(156,83): error TS18048: 'currentRule' is possibly 'undefined'.
src/api/routes/ai-rules.ts(157,40): error TS18048: 'currentRule' is possibly 'undefined'.
src/api/routes/ai-rules.ts(157,79): error TS18048: 'currentRule' is possibly 'undefined'.
src/api/routes/ai-rules.ts(192,13): error TS18048: 'deletedRule' is possibly 'undefined'.
src/api/routes/jobs.ts(2,1): error TS6133: 'z' is declared but its value is never read.
src/api/routes/worker.ts(22,18): error TS7030: Not all code paths return a value.
src/api/services/ConversionService.ts(16,7): error TS6133: 'ConversionLogDbSchema' is declared but its value is never read.
src/api/services/JournalService.ts(2,1): error TS6133: 'JournalLineUi' is declared but its value is never read.
src/api/services/WorkerService.ts(30,15): error TS6133: 'results' is declared but its value is never read.
src/api/services/WorkerService.ts(39,19): error TS6133: 'data' is declared but its value is never read.
src/components/ScreenA_ClientDetail.vue(77,73): error TS2551: Property 'taxFilingTypeLabel' does not exist on type 'ClientDetailUi | { companyName: any; clientCode: any; staffName: any; fiscalMonth: any; accountingSoftware: any; healthScore: number; healthScoreLabel: string; consumptionTaxModeLabel: string; ... 41 more ...; calcMethodShortLabel: string; }'. Did you mean 'taxFilingType'?
  Property 'taxFilingTypeLabel' does not exist on type 'ClientDetailUi'.
src/components/ScreenA_ClientDetail.vue(134,14): error TS2322: Type '"delete" | "reject" | "approve"' is not assignable to type '"reject" | "approve"'.
  Type '"delete"' is not assignable to type '"reject" | "approve"'.
src/components/ScreenB_LogicMaster.vue(329,52): error TS2367: This comparison appears to be unintentional because the types 'JobStatusUi' and '"ai_processing"' have no overlap.
src/components/ScreenB_LogicMaster.vue(329,84): error TS2367: This comparison appears to be unintentional because the types 'JobStatusUi' and '"ready_for_work"' have no overlap.
src/components/ScreenB_LogicMaster.vue(330,54): error TS2367: This comparison appears to be unintentional because the types 'JobStatusUi' and '"primary_completed"' have no overlap.
src/components/ScreenB_LogicMaster.vue(330,115): error TS2367: This comparison appears to be unintentional because the types '"error" | "waiting" | "unknown" | "pending" | "in_progress" | "completed" | "excluded"' and '"waiting_approval"' have no overlap.
src/components/ScreenB_LogicMaster.vue(331,53): error TS2367: This comparison appears to be unintentional because the types 'JobStatusUi' and '"remanded"' have no overlap.
src/components/ScreenB_LogicMaster.vue(332,51): error TS2367: This comparison appears to be unintentional because the types 'JobStatusUi' and '"approved"' have no overlap.
src/components/ScreenB_LogicMaster.vue(429,92): error TS2345: Argument of type 'string | undefined' is not assignable to parameter of type 'string'.
  Type 'undefined' is not assignable to type 'string'.
src/components/ScreenB_LogicMaster.vue(437,44): error TS2367: This comparison appears to be unintentional because the types 'JobStatusUi' and '"ai_processing"' have no overlap.
src/components/ScreenB_LogicMaster.vue(437,76): error TS2367: This comparison appears to be unintentional because the types 'JobStatusUi' and '"ready_for_work"' have no overlap.
src/components/ScreenB_LogicMaster.vue(439,44): error TS2367: This comparison appears to be unintentional because the types 'JobStatusUi' and '"waiting_approval"' have no overlap.
src/components/ScreenB_LogicMaster.vue(439,104): error TS2367: This comparison appears to be unintentional because the types '"error" | "waiting" | "unknown" | "pending" | "in_progress" | "completed" | "excluded"' and '"primary_completed"' have no overlap.
src/components/ScreenB_LogicMaster.vue(441,44): error TS2367: This comparison appears to be unintentional because the types 'JobStatusUi' and '"remanded"' have no overlap.
src/components/ScreenC_CollectionStatus.vue(24,132): error TS2339: Property 'code' does not exist on type '{ clientCode: string; companyName: string; fiscalMonth: number; type: string; banks: { id: string; bankName: string; branchName: string; accountNumber: string; status: string; }[]; creditCards: never[]; jobId: string; } | { ...; }'.
  Property 'code' does not exist on type '{ clientCode: string; companyName: string; fiscalMonth: number; type: string; banks: { id: string; bankName: string; branchName: string; accountNumber: string; status: string; }[]; creditCards: never[]; jobId: string; }'.
src/components/ScreenC_CollectionStatus.vue(25,90): error TS2339: Property 'name' does not exist on type '{ clientCode: string; companyName: string; fiscalMonth: number; type: string; banks: { id: string; bankName: string; branchName: string; accountNumber: string; status: string; }[]; creditCards: never[]; jobId: string; } | { ...; }'.
  Property 'name' does not exist on type '{ clientCode: string; companyName: string; fiscalMonth: number; type: string; banks: { id: string; bankName: string; branchName: string; accountNumber: string; status: string; }[]; creditCards: never[]; jobId: string; }'.
src/components/ScreenC_CollectionStatus.vue(37,39): error TS2339: Property 'openReportModal' does not exist on type '{ testControls: boolean; mockIsDetailView: boolean; mockRouteParamsCode: string; isDetailView: boolean; currentClient: { clientCode: string; companyName: string; fiscalMonth: number; type: string; banks: { ...; }[]; creditCards: never[]; jobId: string; } | { ...; } | null | undefined; ... 36 more ...; _pStores?: Rec...'.
src/components/ScreenC_CollectionStatus.vue(62,65): error TS2554: Expected 0 arguments, but got 1.
src/components/ScreenC_CollectionStatus.vue(96,65): error TS2554: Expected 0 arguments, but got 1.
src/components/ScreenC_CollectionStatus.vue(316,25): error TS6133: 'onMounted' is declared but its value is never read.
src/components/ScreenC_CollectionStatus.vue(501,7): error TS6133: 'c_reportText' is declared but its value is never read.
src/components/ScreenC_CollectionStatus.vue(503,7): error TS6133: 'copyCReport' is declared but its value is never read.
src/components/ScreenE_JournalEntry.vue(549,9): error TS2322: Type '{ readonly id: string; readonly clientCode: string; readonly clientName: string; readonly status: JobStatusUi; readonly statusLabel: string; readonly statusColor: string; ... 24 more ...; readonly rowStyle: string; } | undefined' is not assignable to type 'JobUi | { readonly id: string; readonly clientCode: string; readonly clientName: string; readonly status: JobStatusUi; readonly statusLabel: string; readonly statusColor: string; ... 24 more ...; readonly rowStyle: string; } | null'.
  Type 'undefined' is not assignable to type 'JobUi | { readonly id: string; readonly clientCode: string; readonly clientName: string; readonly status: JobStatusUi; readonly statusLabel: string; readonly statusColor: string; ... 24 more ...; readonly rowStyle: string; } | null'.
src/components/ScreenE_LogicMaster.vue(391,40): error TS2305: Module '"@/composables/useAccountingSystem"' has no exported member 'Job'.
src/components/ScreenE_LogicMaster.vue(391,50): error TS2724: '"@/composables/useAccountingSystem"' has no exported member named 'JobStatus'. Did you mean 'JobStatusUi'?
src/components/ScreenE_LogicMaster.vue(392,1): error TS6133: 'Timestamp' is declared but its value is never read.
src/components/ScreenE_LogicMaster.vue(436,34): error TS7006: Parameter 's' implicitly has an 'any' type.
src/components/ScreenE_LogicMaster.vue(436,36): error TS7006: Parameter 'l' implicitly has an 'any' type.
src/components/ScreenE_LogicMaster.vue(441,39): error TS7006: Parameter 's' implicitly has an 'any' type.
src/components/ScreenE_LogicMaster.vue(441,41): error TS7006: Parameter 'l' implicitly has an 'any' type.
src/components/ScreenE_LogicMaster.vue(471,32): error TS7006: Parameter 'l' implicitly has an 'any' type.
src/components/ScreenE_LogicMaster.vue(477,33): error TS7006: Parameter 'l' implicitly has an 'any' type.
src/components/ScreenE_LogicMaster.vue(511,20): error TS6133: 'e' is declared but its value is never read.
src/components/ScreenE_LogicMaster.vue(631,7): error TS6133: 'lastAction' is declared but its value is never read.
src/components/ScreenE_LogicMaster.vue(646,13): error TS6133: 'reviewStatus' is declared but its value is never read.
src/components/ScreenE_LogicMaster.vue(670,7): error TS6133: 'applyTemplate' is declared but its value is never read.
src/components/ScreenE_LogicMaster.vue(670,24): error TS6133: 'data' is declared but its value is never read.
src/composables/AIRulesMapper.ts(3,1): error TS6133: 'Timestamp' is declared but its value is never read.
src/composables/AIRulesMapper.ts(19,66): error TS2638: Type '{}' may represent a primitive value, which is not permitted as the right operand of the 'in' operator.
src/composables/ClientMapper.ts(53,9): error TS2741: Property 'actions' is missing in type '{ clientCode: string; companyName: string; repName: string; staffName: string; fiscalMonth: number; type: "corp"; status: "active"; isActive: true; contact: { type: "none"; value: string; }; driveLinks: { ...; }; ... 27 more ...; typeLabel: string; }' but required in type 'ClientUi'.
src/composables/ClientMapper.ts(219,5): error TS2741: Property 'actions' is missing in type '{ clientCode: string; companyName: string; repName: string; staffName: string; type: "corp" | "individual"; fiscalMonth: number; status: "active" | "inactive" | "suspension"; isActive: boolean; ... 29 more ...; typeLabel: string; }' but required in type 'ClientUi'.
src/composables/JournalStatusMapper.ts(2,1): error TS6133: 'JobUi' is declared but its value is never read.
src/composables/mapper.ts(13,23): error TS6196: 'JournalLineApi' is declared but never used.
src/composables/mapper.ts(56,7): error TS6133: 'safeBoolean' is declared but its value is never read.
src/composables/mapper.ts(312,9): error TS6133: 'drTax' is declared but its value is never read.
src/composables/mapper.ts(483,3): error TS2741: Property 'actions' is missing in type '{ id: string; timestamp: string; clientName: string; sourceSoftware: string; targetSoftware: ConversionSoftwareCode; targetSoftwareLabel: string; fileName: string; fileSizeLabel: string; downloadUrl: string; isDownloaded: boolean; statusLabel: string; }' but required in type 'ConversionLogUi'.
src/composables/useAccountingSystem.ts(806,5): error TS2739: Type '{ clientCode: string; companyName: string; repName: string; staffName: string; type: "corp"; fiscalMonth: number; status: "active"; sharedFolderId: string; processingFolderId: string; archivedFolderId: string; ... 10 more ...; updatedAt: Timestamp; }' is missing the following properties from type '{ clientCode: string; companyName: string; fiscalMonth: number; status: "active" | "inactive" | "suspension"; sharedFolderId: string; processingFolderId: string; archivedFolderId: string; ... 32 more ...; filingCount?: number | undefined; }': advisoryFee, bookkeepingFee, settlementFee, taxFilingFee
src/composables/useAccountingSystem.ts(829,5): error TS2739: Type '{ clientCode: string; companyName: string; repName: string; staffName: string; type: "corp"; fiscalMonth: number; status: "active"; accountingSoftware: "freee"; calculationMethod: "accrual"; ... 11 more ...; updatedAt: Timestamp; }' is missing the following properties from type '{ clientCode: string; companyName: string; fiscalMonth: number; status: "active" | "inactive" | "suspension"; sharedFolderId: string; processingFolderId: string; archivedFolderId: string; ... 32 more ...; filingCount?: number | undefined; }': advisoryFee, bookkeepingFee, settlementFee, taxFilingFee
src/composables/useAccountingSystem.ts(852,5): error TS2739: Type '{ clientCode: string; companyName: string; repName: string; staffName: string; type: "corp"; fiscalMonth: number; status: "active"; accountingSoftware: "freee"; calculationMethod: "cash"; taxMethod: "exclusive"; ... 15 more ...; updatedAt: Timestamp; }' is missing the following properties from type '{ clientCode: string; companyName: string; fiscalMonth: number; status: "active" | "inactive" | "suspension"; sharedFolderId: string; processingFolderId: string; archivedFolderId: string; ... 32 more ...; filingCount?: number | undefined; }': advisoryFee, bookkeepingFee, settlementFee, taxFilingFee
src/composables/useAccountingSystem.ts(880,5): error TS2739: Type '{ clientCode: string; companyName: string; repName: string; staffName: string; type: "individual"; fiscalMonth: number; status: "inactive"; accountingSoftware: "mf"; calculationMethod: "accrual"; ... 15 more ...; updatedAt: Timestamp; }' is missing the following properties from type '{ clientCode: string; companyName: string; fiscalMonth: number; status: "active" | "inactive" | "suspension"; sharedFolderId: string; processingFolderId: string; archivedFolderId: string; ... 32 more ...; filingCount?: number | undefined; }': advisoryFee, bookkeepingFee, settlementFee, taxFilingFee
src/composables/useAccountingSystem.ts(907,5): error TS2739: Type '{ clientCode: string; companyName: string; repName: string; staffName: string; type: "corp"; fiscalMonth: number; status: "active"; accountingSoftware: "yayoi"; calculationMethod: "accrual"; ... 11 more ...; updatedAt: Timestamp; }' is missing the following properties from type '{ clientCode: string; companyName: string; fiscalMonth: number; status: "active" | "inactive" | "suspension"; sharedFolderId: string; processingFolderId: string; archivedFolderId: string; ... 32 more ...; filingCount?: number | undefined; }': advisoryFee, bookkeepingFee, settlementFee, taxFilingFee
src/composables/useAccountingSystem.ts(930,5): error TS2739: Type '{ clientCode: string; companyName: string; repName: string; staffName: string; type: "individual"; fiscalMonth: number; status: "active"; accountingSoftware: "freee"; calculationMethod: "interim_cash"; ... 11 more ...; updatedAt: Timestamp; }' is missing the following properties from type '{ clientCode: string; companyName: string; fiscalMonth: number; status: "active" | "inactive" | "suspension"; sharedFolderId: string; processingFolderId: string; archivedFolderId: string; ... 32 more ...; filingCount?: number | undefined; }': advisoryFee, bookkeepingFee, settlementFee, taxFilingFee
src/composables/useAccountingSystem.ts(953,5): error TS2739: Type '{ clientCode: string; companyName: string; repName: string; staffName: string; type: "corp"; fiscalMonth: number; status: "active"; accountingSoftware: "freee"; calculationMethod: "accrual"; ... 11 more ...; updatedAt: Timestamp; }' is missing the following properties from type '{ clientCode: string; companyName: string; fiscalMonth: number; status: "active" | "inactive" | "suspension"; sharedFolderId: string; processingFolderId: string; archivedFolderId: string; ... 32 more ...; filingCount?: number | undefined; }': advisoryFee, bookkeepingFee, settlementFee, taxFilingFee
src/composables/useAccountingSystem.ts(976,5): error TS2739: Type '{ clientCode: string; companyName: string; repName: string; staffName: string; type: "corp"; fiscalMonth: number; status: "active"; accountingSoftware: "mf"; calculationMethod: "cash"; taxMethod: "exclusive"; ... 11 more ...; updatedAt: Timestamp; }' is missing the following properties from type '{ clientCode: string; companyName: string; fiscalMonth: number; status: "active" | "inactive" | "suspension"; sharedFolderId: string; processingFolderId: string; archivedFolderId: string; ... 32 more ...; filingCount?: number | undefined; }': advisoryFee, bookkeepingFee, settlementFee, taxFilingFee
src/composables/useAccountingSystem.ts(1000,5): error TS2739: Type '{ clientCode: string; companyName: string; repName: string; staffName: string; type: "individual"; fiscalMonth: number; status: "active"; accountingSoftware: "yayoi"; calculationMethod: "accrual"; ... 11 more ...; updatedAt: Timestamp; }' is missing the following properties from type '{ clientCode: string; companyName: string; fiscalMonth: number; status: "active" | "inactive" | "suspension"; sharedFolderId: string; processingFolderId: string; archivedFolderId: string; ... 32 more ...; filingCount?: number | undefined; }': advisoryFee, bookkeepingFee, settlementFee, taxFilingFee
src/composables/useAccountingSystem.ts(1023,5): error TS2739: Type '{ clientCode: string; companyName: string; repName: string; staffName: string; type: "corp"; fiscalMonth: number; status: "active"; accountingSoftware: "freee"; calculationMethod: "accrual"; ... 11 more ...; updatedAt: Timestamp; }' is missing the following properties from type '{ clientCode: string; companyName: string; fiscalMonth: number; status: "active" | "inactive" | "suspension"; sharedFolderId: string; processingFolderId: string; archivedFolderId: string; ... 32 more ...; filingCount?: number | undefined; }': advisoryFee, bookkeepingFee, settlementFee, taxFilingFee
src/composables/useAccountingSystem.ts(1046,5): error TS2739: Type '{ clientCode: string; companyName: string; repName: string; staffName: string; type: "corp"; fiscalMonth: number; status: "active"; accountingSoftware: "mf"; calculationMethod: "cash"; taxMethod: "exclusive"; ... 10 more ...; updatedAt: Timestamp; }' is missing the following properties from type '{ clientCode: string; companyName: string; fiscalMonth: number; status: "active" | "inactive" | "suspension"; sharedFolderId: string; processingFolderId: string; archivedFolderId: string; ... 32 more ...; filingCount?: number | undefined; }': advisoryFee, bookkeepingFee, settlementFee, taxFilingFee
src/composables/useAccountingSystem.ts(1069,5): error TS2739: Type '{ clientCode: string; companyName: string; repName: string; staffName: string; type: "corp"; fiscalMonth: number; status: "active"; accountingSoftware: "yayoi"; calculationMethod: "accrual"; ... 11 more ...; updatedAt: Timestamp; }' is missing the following properties from type '{ clientCode: string; companyName: string; fiscalMonth: number; status: "active" | "inactive" | "suspension"; sharedFolderId: string; processingFolderId: string; archivedFolderId: string; ... 32 more ...; filingCount?: number | undefined; }': advisoryFee, bookkeepingFee, settlementFee, taxFilingFee
src/composables/useAccountingSystem.ts(1138,31): error TS6133: 'file' is declared but its value is never read.
src/composables/useAccountingSystem.ts(1178,40): error TS2322: Type '{ updatedAt: string; clientCode?: string | undefined; companyName?: string | undefined; fiscalMonth?: number | undefined; status?: "active" | "inactive" | "suspension" | undefined; ... 47 more ...; typeLabel: string; }' is not assignable to type '{ [x: string]: unknown; contact: { type?: "none" | "email" | "chatwork" | undefined; value?: string | undefined; }; driveLinks: { storage?: string | undefined; journalOutput?: string | undefined; journalExclusion?: string | undefined; pastJournals?: string | undefined; }; ... 36 more ...; actions?: { ...; }[] | unde...'.
  Types of property 'accountingSoftware' are incompatible.
    Type '"other" | "yayoi" | "freee" | "mf" | "tkc" | undefined' is not assignable to type '"other" | "yayoi" | "freee" | "mf" | undefined'.
      Type '"tkc"' is not assignable to type '"other" | "yayoi" | "freee" | "mf" | undefined'.
src/composables/useAIRulesRPC.ts(23,31): error TS7053: Element implicitly has an 'any' type because expression of type '"ai-rules"' can't be used to index type '{ hello: ClientRequest<string, "/api/hello", { $get: { input: {}; output: { message: string; }; outputFormat: "json"; status: ContentfulStatusCode; }; }>; } & ... 35 more ... & { ...; }'.
  Property 'ai-rules' does not exist on type '{ hello: ClientRequest<string, "/api/hello", { $get: { input: {}; output: { message: string; }; outputFormat: "json"; status: ContentfulStatusCode; }; }>; } & ... 35 more ... & { ...; }'.
src/composables/useAIRulesRPC.ts(38,31): error TS7053: Element implicitly has an 'any' type because expression of type '"ai-rules"' can't be used to index type '{ hello: ClientRequest<string, "/api/hello", { $get: { input: {}; output: { message: string; }; outputFormat: "json"; status: ContentfulStatusCode; }; }>; } & ... 35 more ... & { ...; }'.
  Property 'ai-rules' does not exist on type '{ hello: ClientRequest<string, "/api/hello", { $get: { input: {}; output: { message: string; }; outputFormat: "json"; status: ContentfulStatusCode; }; }>; } & ... 35 more ... & { ...; }'.
src/composables/useAIRulesRPC.ts(52,31): error TS7053: Element implicitly has an 'any' type because expression of type '"ai-rules"' can't be used to index type '{ hello: ClientRequest<string, "/api/hello", { $get: { input: {}; output: { message: string; }; outputFormat: "json"; status: ContentfulStatusCode; }; }>; } & ... 35 more ... & { ...; }'.
  Property 'ai-rules' does not exist on type '{ hello: ClientRequest<string, "/api/hello", { $get: { input: {}; output: { message: string; }; outputFormat: "json"; status: ContentfulStatusCode; }; }>; } & ... 35 more ... & { ...; }'.
src/composables/useAIRulesRPC.ts(75,31): error TS7053: Element implicitly has an 'any' type because expression of type '"ai-rules"' can't be used to index type '{ hello: ClientRequest<string, "/api/hello", { $get: { input: {}; output: { message: string; }; outputFormat: "json"; status: ContentfulStatusCode; }; }>; } & ... 35 more ... & { ...; }'.
  Property 'ai-rules' does not exist on type '{ hello: ClientRequest<string, "/api/hello", { $get: { input: {}; output: { message: string; }; outputFormat: "json"; status: ContentfulStatusCode; }; }>; } & ... 35 more ... & { ...; }'.
src/composables/useAIRulesRPC.ts(98,31): error TS7053: Element implicitly has an 'any' type because expression of type '"ai-rules"' can't be used to index type '{ hello: ClientRequest<string, "/api/hello", { $get: { input: {}; output: { message: string; }; outputFormat: "json"; status: ContentfulStatusCode; }; }>; } & ... 35 more ... & { ...; }'.
  Property 'ai-rules' does not exist on type '{ hello: ClientRequest<string, "/api/hello", { $get: { input: {}; output: { message: string; }; outputFormat: "json"; status: ContentfulStatusCode; }; }>; } & ... 35 more ... & { ...; }'.
src/composables/useClientListRPC.ts(2,36): error TS6133: 'onUnmounted' is declared but its value is never read.
src/composables/useClientListRPC.ts(12,1): error TS6133: 'Client' is declared but its value is never read.
src/composables/useDataConversion.ts(90,11): error TS6133: 'SOFTWARE_LABELS' is declared but its value is never read.
src/composables/useDataConversion.ts(116,108): error TS6133: 'file' is declared but its value is never read.
src/composables/useJobDashboard.ts(3,15): error TS6196: 'JobUi' is declared but never used.
src/composables/useJobDashboard.ts(16,50): error TS2367: This comparison appears to be unintentional because the types 'JobStatusUi' and '"done"' have no overlap.
src/composables/useJobDashboard.ts(16,73): error TS2367: This comparison appears to be unintentional because the types 'JobStatusUi' and '"approved"' have no overlap.
src/composables/useJobDashboard.ts(34,46): error TS2345: Argument of type '"ready_for_work"' is not assignable to parameter of type 'JobStatusUi'.
src/composables/useJournalEditor.ts(22,9): error TS2353: Object literal may only specify known properties, and 'warnings' does not exist in type 'ValidationResult'.
src/composables/useJournalEditor.ts(36,63): error TS2345: Argument of type '{ id: string; status: "Submitted" | "Approved"; date: string; description: string; totalAmount: number; lines: { lineId: string; accountCode: string; accountName: string; debit: number; credit: number; ... 16 more ...; outOfPeriodReason?: string | undefined; }[]; ... 16 more ...; approvalWorkflow?: { ...; } | undefi...' is not assignable to parameter of type '{ lineId: string; accountCode: string; accountName: string; debit: number; credit: number; taxCode: "TAXABLE_SALES_10" | "TAXABLE_SALES_REDUCED_8" | "NON_TAXABLE_SALES" | "OUT_OF_SCOPE_SALES" | ... 6 more ... | "IMPORT_TAX"; ... 15 more ...; outOfPeriodReason?: string | undefined; }[]'.
  Type '{ id: string; status: "Submitted" | "Approved"; date: string; description: string; totalAmount: number; lines: { lineId: string; accountCode: string; accountName: string; debit: number; credit: number; ... 16 more ...; outOfPeriodReason?: string | undefined; }[]; ... 16 more ...; approvalWorkflow?: { ...; } | undefi...' is missing the following properties from type '{ lineId: string; accountCode: string; accountName: string; debit: number; credit: number; taxCode: "TAXABLE_SALES_10" | "TAXABLE_SALES_REDUCED_8" | "NON_TAXABLE_SALES" | "OUT_OF_SCOPE_SALES" | ... 6 more ... | "IMPORT_TAX"; ... 15 more ...; outOfPeriodReason?: string | undefined; }[]': length, pop, push, concat, and 28 more.
src/composables/useJournalEditor.ts(50,67): error TS2345: Argument of type '{ id: string; status: "Submitted" | "Approved"; date: string; description: string; totalAmount: number; lines: { lineId: string; accountCode: string; accountName: string; debit: number; credit: number; ... 16 more ...; outOfPeriodReason?: string | undefined; }[]; ... 16 more ...; approvalWorkflow?: { ...; } | undefi...' is not assignable to parameter of type '{ lineId: string; accountCode: string; accountName: string; debit: number; credit: number; taxCode: "TAXABLE_SALES_10" | "TAXABLE_SALES_REDUCED_8" | "NON_TAXABLE_SALES" | "OUT_OF_SCOPE_SALES" | ... 6 more ... | "IMPORT_TAX"; ... 15 more ...; outOfPeriodReason?: string | undefined; }[]'.
  Type '{ id: string; status: "Submitted" | "Approved"; date: string; description: string; totalAmount: number; lines: { lineId: string; accountCode: string; accountName: string; debit: number; credit: number; ... 16 more ...; outOfPeriodReason?: string | undefined; }[]; ... 16 more ...; approvalWorkflow?: { ...; } | undefi...' is missing the following properties from type '{ lineId: string; accountCode: string; accountName: string; debit: number; credit: number; taxCode: "TAXABLE_SALES_10" | "TAXABLE_SALES_REDUCED_8" | "NON_TAXABLE_SALES" | "OUT_OF_SCOPE_SALES" | ... 6 more ... | "IMPORT_TAX"; ... 15 more ...; outOfPeriodReason?: string | undefined; }[]': length, pop, push, concat, and 28 more.
src/composables/useJournalEditor.ts(60,13): error TS2353: Object literal may only specify known properties, and 'lineNo' does not exist in type '{ lineId: string; accountCode: string; accountName: string; debit: number; credit: number; taxCode: "TAXABLE_SALES_10" | "TAXABLE_SALES_REDUCED_8" | "NON_TAXABLE_SALES" | "OUT_OF_SCOPE_SALES" | ... 6 more ... | "IMPORT_TAX"; ... 15 more ...; outOfPeriodReason?: string | undefined; }'.
src/composables/useJournalEditor.ts(99,17): error TS2367: This comparison appears to be unintentional because the types '"Submitted" | "Approved"' and '"READY_FOR_WORK"' have no overlap.
src/composables/useJournalEditor.ts(101,24): error TS2367: This comparison appears to be unintentional because the types '"Submitted" | "Approved"' and '"REMANDED"' have no overlap.
src/composables/useJournalEditor.ts(118,13): error TS2367: This comparison appears to be unintentional because the types '"Submitted" | "Approved"' and '"REMANDED"' have no overlap.
src/composables/useJournalEntryRPC.ts(5,15): error TS2305: Module '"@/types/ui.type"' has no exported member 'JournalEntryUi'.
src/composables/useJournalEntryRPC.ts(5,46): error TS2305: Module '"@/types/ui.type"' has no exported member 'JournalEntryActionUi'.
src/composables/useJournalEntryRPC.ts(14,28): error TS2367: This comparison appears to be unintentional because the types 'JobStatus' and '"completed"' have no overlap.
src/composables/useJournalEntryRPC.ts(16,9): error TS2367: This comparison appears to be unintentional because the types '"done" | "pending" | "approved" | "excluded" | "waiting_approval" | "remanded" | "ai_processing" | "ready_for_work" | "primary_completed" | "generating_csv" | "error_retry"' and '"in_progress"' have no overlap.
src/composables/useJournalEntryRPC.ts(19,9): error TS2367: This comparison appears to be unintentional because the types 'JobStatus' and '"draft"' have no overlap.
src/composables/useJournalEntryRPC.ts(19,35): error TS2367: This comparison appears to be unintentional because the types 'JobStatus' and '"in_progress"' have no overlap.
src/composables/useJournalEntryRPC.ts(25,9): error TS2367: This comparison appears to be unintentional because the types 'JobStatus' and '"completed"' have no overlap.
src/composables/useJournalEntryRPC.ts(25,39): error TS2367: This comparison appears to be unintentional because the types 'JobStatus' and '"draft"' have no overlap.
src/composables/useJournalEntryRPC.ts(32,24): error TS2339: Property 'clientName' does not exist on type 'Job'.
src/composables/useJournalEntryRPC.ts(34,20): error TS2339: Property 'summary' does not exist on type 'Job'.
src/composables/useJournalEntryRPC.ts(34,68): error TS2532: Object is possibly 'undefined'.
src/composables/useJournalEntryRPC.ts(37,17): error TS2367: This comparison appears to be unintentional because the types 'JobStatus' and '"completed"' have no overlap.
src/composables/useJournalEntryRPC.ts(38,16): error TS2367: This comparison appears to be unintentional because the types 'JobStatus' and '"completed"' have no overlap.
src/features/client/index.ts(77,27): error TS6133: 'id' is declared but its value is never read.
src/features/job/index.ts(44,24): error TS6133: 'id' is declared but its value is never read.
src/features/journal/services/CsvExportService.ts(23,5): error TS6133: 'client' is declared but its value is never read.
src/features/journal/services/CsvExportService.ts(100,33): error TS2769: No overload matches this call.
  Overload 1 of 2, '(o: {}): string[]', gave the following error.
    Argument of type 'Record<string, any> | undefined' is not assignable to parameter of type '{}'.
      Type 'undefined' is not assignable to type '{}'.
  Overload 2 of 2, '(o: object): string[]', gave the following error.
    Argument of type 'Record<string, any> | undefined' is not assignable to parameter of type 'object'.
      Type 'undefined' is not assignable to type 'object'.
src/features/journal/services/TaxCodeMapper.ts(72,9): error TS6133: 'internalCode' is declared but its value is never read.
src/features/journal/services/TaxCodeMapper.ts(73,9): error TS6133: 'invoiceDeduction' is declared but its value is never read.
src/features/journal/services/TaxCodeMapper.ts(90,9): error TS6133: 'internalCode' is declared but its value is never read.
src/features/journal/services/TaxCodeMapper.ts(91,9): error TS6133: 'invoiceDeduction' is declared but its value is never read.
src/features/receipt/index.ts(77,28): error TS6133: 'id' is declared but its value is never read.
src/features/staff/index.ts(44,26): error TS6133: 'id' is declared but its value is never read.
src/firebase-admin.ts(1,34): error TS6133: 'cert' is declared but its value is never read.
src/hooks/useJournalEntries.ts(40,57): error TS2769: No overload matches this call.
  Overload 1 of 2, '(getter: ComputedGetter<{ id: string; status: "Draft"; lines: { lineId: string; accountCode?: string | undefined; accountName?: string | undefined; subAccount?: string | undefined; debit?: number | undefined; ... 16 more ...; outOfPeriodReason?: string | undefined; }[]; ... 19 more ...; approvalWorkflow?: { ...; } | undefined; }[]>, debugOptions?: DebuggerOptions | undefined): ComputedRef<...>', gave the following error.
    Argument of type '() => ({ id: string; status: "Submitted" | "Approved"; date: string; description: string; totalAmount: number; lines: { lineId: string; accountCode: string; accountName: string; debit: number; credit: number; ... 16 more ...; outOfPeriodReason?: string | undefined; }[]; ... 16 more ...; approvalWorkflow?: { ...; } |...' is not assignable to parameter of type 'ComputedGetter<{ id: string; status: "Draft"; lines: { lineId: string; accountCode?: string | undefined; accountName?: string | undefined; subAccount?: string | undefined; debit?: number | undefined; ... 16 more ...; outOfPeriodReason?: string | undefined; }[]; ... 19 more ...; approvalWorkflow?: { ...; } | undefine...'.
      Type '({ id: string; status: "Submitted" | "Approved"; date: string; description: string; totalAmount: number; lines: { lineId: string; accountCode: string; accountName: string; debit: number; credit: number; ... 16 more ...; outOfPeriodReason?: string | undefined; }[]; ... 16 more ...; approvalWorkflow?: { ...; } | undef...' is not assignable to type '{ id: string; status: "Draft"; lines: { lineId: string; accountCode?: string | undefined; accountName?: string | undefined; subAccount?: string | undefined; debit?: number | undefined; credit?: number | undefined; ... 15 more ...; outOfPeriodReason?: string | undefined; }[]; ... 19 more ...; approvalWorkflow?: { ......'.
        Type '{ id: string; status: "Submitted" | "Approved"; date: string; description: string; totalAmount: number; lines: { lineId: string; accountCode: string; accountName: string; debit: number; credit: number; ... 16 more ...; outOfPeriodReason?: string | undefined; }[]; ... 16 more ...; approvalWorkflow?: { ...; } | undefi...' is not assignable to type '{ id: string; status: "Draft"; lines: { lineId: string; accountCode?: string | undefined; accountName?: string | undefined; subAccount?: string | undefined; debit?: number | undefined; credit?: number | undefined; ... 15 more ...; outOfPeriodReason?: string | undefined; }[]; ... 19 more ...; approvalWorkflow?: { ......'.
          Type 'null' is not assignable to type '{ id: string; status: "Draft"; lines: { lineId: string; accountCode?: string | undefined; accountName?: string | undefined; subAccount?: string | undefined; debit?: number | undefined; credit?: number | undefined; ... 15 more ...; outOfPeriodReason?: string | undefined; }[]; ... 19 more ...; approvalWorkflow?: { ......'.
  Overload 2 of 2, '(options: WritableComputedOptions<{ id: string; status: "Draft"; lines: { lineId: string; accountCode?: string | undefined; accountName?: string | undefined; subAccount?: string | undefined; debit?: number | undefined; ... 16 more ...; outOfPeriodReason?: string | undefined; }[]; ... 19 more ...; approvalWorkflow?: { ...; } | undefined; }[], { ...; }[]>, debugOptions?: DebuggerOptions | undefined): WritableComputedRef<...>', gave the following error.
    Argument of type '() => ({ id: string; status: "Submitted" | "Approved"; date: string; description: string; totalAmount: number; lines: { lineId: string; accountCode: string; accountName: string; debit: number; credit: number; ... 16 more ...; outOfPeriodReason?: string | undefined; }[]; ... 16 more ...; approvalWorkflow?: { ...; } |...' is not assignable to parameter of type 'WritableComputedOptions<{ id: string; status: "Draft"; lines: { lineId: string; accountCode?: string | undefined; accountName?: string | undefined; subAccount?: string | undefined; debit?: number | undefined; ... 16 more ...; outOfPeriodReason?: string | undefined; }[]; ... 19 more ...; approvalWorkflow?: { ...; } |...'.
src/hooks/useJournalEntries.ts(51,39): error TS2677: A type predicate's type must be assignable to its parameter's type.
  Type '{ id: string; status: "Draft"; lines: { lineId: string; accountCode?: string | undefined; accountName?: string | undefined; subAccount?: string | undefined; debit?: number | undefined; credit?: number | undefined; ... 15 more ...; outOfPeriodReason?: string | undefined; }[]; ... 19 more ...; approvalWorkflow?: { ......' is not assignable to type '{ id: string; status: "Submitted" | "Approved"; date: string; description: string; totalAmount: number; lines: { lineId: string; accountCode: string; accountName: string; debit: number; credit: number; ... 16 more ...; outOfPeriodReason?: string | undefined; }[]; ... 16 more ...; approvalWorkflow?: { ...; } | undefi...'.
    Types of property 'status' are incompatible.
      Type '"Draft"' is not assignable to type '"Submitted" | "Approved"'.
src/hooks/useJournalEntries.ts(73,33): error TS6133: 'clientId' is declared but its value is never read.
src/libs/adapters/legacy_to_v2.ts(9,5): error TS6196: 'UserId' is declared but never used.
src/libs/adapters/legacy_to_v2.ts(10,5): error TS6196: 'ClientId' is declared but never used.
src/libs/adapters/legacy_to_v2.ts(11,5): error TS6196: 'WorkLogType' is declared but never used.
src/libs/adapters/legacy_to_v2.ts(12,5): error TS6196: 'CurrencyCode' is declared but never used.
src/libs/adapters/legacy_to_v2.ts(92,11): error TS6133: 'now' is declared but its value is never read.
src/mocks/mockJobUi.ts(2,1): error TS6133: 'Timestamp' is declared but its value is never read.
src/mocks/mockJobUi.ts(8,7): error TS6133: 'commonSteps' is declared but its value is never read.
src/mocks/mockJobUi.ts(29,9): error TS2322: Type '"none"' is not assignable to type '"normal" | "high" | "low"'.
src/mocks/mockJobUi.ts(41,13): error TS2322: Type '"journalEntry"' is not assignable to type '"none" | "archive" | "rescue" | "work" | "approve" | "remand" | "export" | "complete_all"'.
src/mocks/mockJobUi.ts(48,13): error TS2353: Object literal may only specify known properties, and 'showButton' does not exist in type 'JobActionUi'.
src/mocks/mockJobUi.ts(59,9): error TS2322: Type '"none"' is not assignable to type '"normal" | "high" | "low"'.
src/mocks/mockJobUi.ts(70,26): error TS2322: Type '"journalEntry"' is not assignable to type '"none" | "archive" | "rescue" | "work" | "approve" | "remand" | "export" | "complete_all"'.
src/mocks/mockJobUi.ts(71,48): error TS2353: Object literal may only specify known properties, and 'showButton' does not exist in type 'JobActionUi'.
src/mocks/mockJobUi.ts(79,9): error TS2322: Type '"none"' is not assignable to type '"normal" | "high" | "low"'.
src/mocks/mockJobUi.ts(90,26): error TS2322: Type '"journalEntry"' is not assignable to type '"none" | "archive" | "rescue" | "work" | "approve" | "remand" | "export" | "complete_all"'.
src/mocks/mockJobUi.ts(91,48): error TS2353: Object literal may only specify known properties, and 'showButton' does not exist in type 'JobActionUi'.
src/mocks/mockJobUi.ts(99,9): error TS2322: Type '"none"' is not assignable to type '"normal" | "high" | "low"'.
src/mocks/mockJobUi.ts(110,26): error TS2322: Type '"journalEntry"' is not assignable to type '"none" | "archive" | "rescue" | "work" | "approve" | "remand" | "export" | "complete_all"'.
src/mocks/mockJobUi.ts(111,48): error TS2353: Object literal may only specify known properties, and 'showButton' does not exist in type 'JobActionUi'.
src/mocks/mockJobUi.ts(120,9): error TS2322: Type '"none"' is not assignable to type '"normal" | "high" | "low"'.
src/mocks/mockJobUi.ts(131,26): error TS2322: Type '"journalEntry"' is not assignable to type '"none" | "archive" | "rescue" | "work" | "approve" | "remand" | "export" | "complete_all"'.
src/mocks/mockJobUi.ts(132,48): error TS2353: Object literal may only specify known properties, and 'showButton' does not exist in type 'JobActionUi'.
src/router/index.ts(155,30): error TS6133: 'from' is declared but its value is never read.
src/scripts/compare_models.ts(161,68): error TS2345: Argument of type 'string | undefined' is not assignable to parameter of type 'string'.
  Type 'undefined' is not assignable to type 'string'.
src/scripts/compare_models.ts(166,47): error TS2769: No overload matches this call.
  Overload 1 of 3, '(path: PathOrFileDescriptor, options?: { encoding?: null | undefined; flag?: string | undefined; } | null | undefined): NonSharedBuffer', gave the following error.
    Argument of type 'string | undefined' is not assignable to parameter of type 'PathOrFileDescriptor'.
      Type 'undefined' is not assignable to type 'PathOrFileDescriptor'.
  Overload 2 of 3, '(path: PathOrFileDescriptor, options?: BufferEncoding | (ObjectEncodingOptions & { flag?: string | undefined; }) | null | undefined): string | NonSharedBuffer', gave the following error.
    Argument of type 'string | undefined' is not assignable to parameter of type 'PathOrFileDescriptor'.
      Type 'undefined' is not assignable to type 'PathOrFileDescriptor'.
src/scripts/compare_models.ts(206,38): error TS2532: Object is possibly 'undefined'.
src/scripts/compare_models.ts(206,38): error TS2532: Object is possibly 'undefined'.
src/scripts/compare_models.ts(208,39): error TS2532: Object is possibly 'undefined'.
src/scripts/compare_models.ts(208,39): error TS2532: Object is possibly 'undefined'.
src/scripts/compare_models.ts(210,62): error TS2339: Property 'document_type' does not exist on type 'string'.
src/scripts/compare_models.ts(211,55): error TS2339: Property 'issuer' does not exist on type 'string'.
src/scripts/compare_models.ts(212,54): error TS2339: Property 'transaction_header' does not exist on type 'string'.
src/scripts/compare_models.ts(215,46): error TS2532: Object is possibly 'undefined'.
src/scripts/compare_models.ts(215,46): error TS2532: Object is possibly 'undefined'.
src/server.ts(90,7): error TS6133: 'server' is declared but its value is never read.
src/services/DetectionLogic.ts(19,5): error TS6133: 'detectedEndBalance' is declared but its value is never read.
src/services/DetectionLogic.ts(199,14): error TS2339: Property 'metadata' does not exist on type 'EnrichedLine'.
src/services/DetectionLogic.ts(199,31): error TS2339: Property 'metadata' does not exist on type 'EnrichedLine'.
src/services/GeneralLedgerService.ts(74,21): error TS2322: Type 'string | undefined' is not assignable to type 'string'.
  Type 'undefined' is not assignable to type 'string'.
src/services/JobService.ts(43,8): error TS6133: 'snapshot' is declared but its value is never read.
src/services/JournalService.ts(22,17): error TS2322: Type '"pending"' is not assignable to type '"Submitted" | "Approved"'.
src/services/JournalService.ts(28,25): error TS2353: Object literal may only specify known properties, and 'lineNo' does not exist in type '{ lineId: string; accountCode: string; accountName: string; debit: number; credit: number; taxCode: "TAXABLE_SALES_10" | "TAXABLE_SALES_REDUCED_8" | "NON_TAXABLE_SALES" | "OUT_OF_SCOPE_SALES" | ... 6 more ... | "IMPORT_TAX"; ... 15 more ...; outOfPeriodReason?: string | undefined; }'.
src/services/JournalService.ts(43,17): error TS2322: Type 'Date' is not assignable to type 'string'.
src/services/JournalService.ts(62,59): error TS2345: Argument of type 'JournalLine[]' is not assignable to parameter of type '{ lineId: string; accountCode: string; accountName: string; debit: number; credit: number; taxCode: "TAXABLE_SALES_10" | "TAXABLE_SALES_REDUCED_8" | "NON_TAXABLE_SALES" | "OUT_OF_SCOPE_SALES" | ... 6 more ... | "IMPORT_TAX"; ... 15 more ...; outOfPeriodReason?: string | undefined; }[]'.
  Type 'JournalLine' is missing the following properties from type '{ lineId: string; accountCode: string; accountName: string; debit: number; credit: number; taxCode: "TAXABLE_SALES_10" | "TAXABLE_SALES_REDUCED_8" | "NON_TAXABLE_SALES" | "OUT_OF_SCOPE_SALES" | ... 6 more ... | "IMPORT_TAX"; ... 15 more ...; outOfPeriodReason?: string | undefined; }': lineId, accountCode, accountName, debit, and 10 more.
src/services/JournalService.ts(68,17): error TS2322: Type 'JournalLine[]' is not assignable to type '{ lineId: string; accountCode: string; accountName: string; debit: number; credit: number; taxCode: "TAXABLE_SALES_10" | "TAXABLE_SALES_REDUCED_8" | "NON_TAXABLE_SALES" | "OUT_OF_SCOPE_SALES" | ... 6 more ... | "IMPORT_TAX"; ... 15 more ...; outOfPeriodReason?: string | undefined; }[]'.
  Type 'JournalLine' is missing the following properties from type '{ lineId: string; accountCode: string; accountName: string; debit: number; credit: number; taxCode: "TAXABLE_SALES_10" | "TAXABLE_SALES_REDUCED_8" | "NON_TAXABLE_SALES" | "OUT_OF_SCOPE_SALES" | ... 6 more ... | "IMPORT_TAX"; ... 15 more ...; outOfPeriodReason?: string | undefined; }': lineId, accountCode, accountName, debit, and 10 more.
src/services/JournalService.ts(72,17): error TS2322: Type 'JobStatus' is not assignable to type '"Submitted" | "Approved"'.
  Type '"pending"' is not assignable to type '"Submitted" | "Approved"'.
src/services/JournalService.ts(76,17): error TS2322: Type 'Date' is not assignable to type 'string'.
src/services/JournalService.ts(101,19): error TS2339: Property 'remandReason' does not exist on type 'Partial<{ id: string; status: "Submitted" | "Approved"; date: string; description: string; totalAmount: number; lines: { lineId: string; accountCode: string; accountName: string; debit: number; credit: number; ... 16 more ...; outOfPeriodReason?: string | undefined; }[]; ... 16 more ...; approvalWorkflow?: { ...; } ...'.
src/services/JournalService.ts(101,79): error TS2339: Property 'remandReason' does not exist on type 'Partial<{ id: string; status: "Submitted" | "Approved"; date: string; description: string; totalAmount: number; lines: { lineId: string; accountCode: string; accountName: string; debit: number; credit: number; ... 16 more ...; outOfPeriodReason?: string | undefined; }[]; ... 16 more ...; approvalWorkflow?: { ...; } ...'.
src/services/JournalService.ts(102,19): error TS2339: Property 'remandCount' does not exist on type 'Partial<{ id: string; status: "Submitted" | "Approved"; date: string; description: string; totalAmount: number; lines: { lineId: string; accountCode: string; accountName: string; debit: number; credit: number; ... 16 more ...; outOfPeriodReason?: string | undefined; }[]; ... 16 more ...; approvalWorkflow?: { ...; } ...'.
src/services/JournalService.ts(102,77): error TS2339: Property 'remandCount' does not exist on type 'Partial<{ id: string; status: "Submitted" | "Approved"; date: string; description: string; totalAmount: number; lines: { lineId: string; accountCode: string; accountName: string; debit: number; credit: number; ... 16 more ...; outOfPeriodReason?: string | undefined; }[]; ... 16 more ...; approvalWorkflow?: { ...; } ...'.
src/services/JournalService.ts(121,52): error TS2339: Property 'drAccount' does not exist on type '{ lineId: string; accountCode: string; accountName: string; debit: number; credit: number; taxCode: "TAXABLE_SALES_10" | "TAXABLE_SALES_REDUCED_8" | "NON_TAXABLE_SALES" | "OUT_OF_SCOPE_SALES" | ... 6 more ... | "IMPORT_TAX"; ... 15 more ...; outOfPeriodReason?: string | undefined; }'.
src/services/JournalService.ts(121,68): error TS2339: Property 'crAccount' does not exist on type '{ lineId: string; accountCode: string; accountName: string; debit: number; credit: number; taxCode: "TAXABLE_SALES_10" | "TAXABLE_SALES_REDUCED_8" | "NON_TAXABLE_SALES" | "OUT_OF_SCOPE_SALES" | ... 6 more ... | "IMPORT_TAX"; ... 15 more ...; outOfPeriodReason?: string | undefined; }'.
src/services/JournalService.ts(137,36): error TS2339: Property 'drAmount' does not exist on type '{ lineId: string; accountCode: string; accountName: string; debit: number; credit: number; taxCode: "TAXABLE_SALES_10" | "TAXABLE_SALES_REDUCED_8" | "NON_TAXABLE_SALES" | "OUT_OF_SCOPE_SALES" | ... 6 more ... | "IMPORT_TAX"; ... 15 more ...; outOfPeriodReason?: string | undefined; }'.
src/services/JournalService.ts(138,36): error TS2339: Property 'crAmount' does not exist on type '{ lineId: string; accountCode: string; accountName: string; debit: number; credit: number; taxCode: "TAXABLE_SALES_10" | "TAXABLE_SALES_REDUCED_8" | "NON_TAXABLE_SALES" | "OUT_OF_SCOPE_SALES" | ... 6 more ... | "IMPORT_TAX"; ... 15 more ...; outOfPeriodReason?: string | undefined; }'.
src/services/LogicSelector.ts(21,8): error TS2307: Cannot find module '@/mappings/ocr-to-accounting' or its corresponding type declarations.
src/services/migration_service.ts(2,3): error TS6133: 'getFirestore' is declared but its value is never read.
src/services/migration_service.ts(6,3): error TS6133: 'collection' is declared but its value is never read.
src/services/RecurringLogic.ts(14,5): error TS6133: 'currentMonth' is declared but its value is never read.
src/services/RecurringLogic.ts(17,11): error TS6133: 'missingCandidates' is declared but its value is never read.
src/services/RecurringLogic.ts(34,19): error TS6133: 'baseName' is declared but its value is never read.
src/types/schema_keys.ts(22,5): error TS2305: Module '"./zod_schema"' has no exported member 'ReceiptSchema'.
src/types/schema_keys.ts(32,5): error TS2724: '"./zod_schema"' has no exported member named 'ClientStatusSchema'. Did you mean 'ClientSchema'?
src/types/schema_keys.ts(39,5): error TS6133: 'TimestampSchema' is declared but its value is never read.
src/utils/dbSeeder.ts(18,9): error TS2322: Type '"MF繧ｯ繝ｩ繧ｦ繝・' is not assignable to type '"other" | "yayoi" | "freee" | "mf" | "tkc"'.
src/utils/dbSeeder.ts(31,9): error TS2353: Object literal may only specify known properties, and 'originalFolderId' does not exist in type 'Client'.
src/utils/dbSeeder.ts(46,9): error TS2322: Type '"蠑･逕滉ｼ夊ｨ・' is not assignable to type '"other" | "yayoi" | "freee" | "mf" | "tkc"'.
src/utils/dbSeeder.ts(60,9): error TS2322: Type '"MF繧ｯ繝ｩ繧ｦ繝・' is not assignable to type '"other" | "yayoi" | "freee" | "mf" | "tkc"'.
src/utils/dbSeeder.ts(74,9): error TS2322: Type '"蠑･逕滉ｼ夊ｨ・' is not assignable to type '"other" | "yayoi" | "freee" | "mf" | "tkc"'.
src/utils/schema-mapper.ts(24,24): error TS1484: 'ZodRawShape' is a type and must be imported using a type-only import when 'verbatimModuleSyntax' is enabled.
src/utils/seedBanks.ts(13,13): error TS2353: Object literal may only specify known properties, and 'status' does not exist in type 'Omit<BankAccount, "id" | "updatedAt">'.
src/utils/seedBanks.ts(23,13): error TS2353: Object literal may only specify known properties, and 'companyName' does not exist in type 'Omit<CreditCard, "id" | "updatedAt">'.
src/utils/seedJobs.ts(2,20): error TS6196: 'JobStatus' is declared but never used.
src/utils/seedJobs.ts(20,13): error TS2561: Object literal may only specify known properties, but 'subAccount' does not exist in type 'JournalLine'. Did you mean to write 'drSubAccount'?
src/utils/seedRichJobs.ts(8,24): error TS2304: Cannot find name 'Job'.
src/utils/seedRichJobs.ts(148,5): error TS2353: Object literal may only specify known properties, and 'expectedMaterials' does not exist in type 'Partial<Client>'.
src/utils/seedTransactions.ts(2,15): error TS6196: 'Job' is declared but never used.
src/utils/seedTransactions.ts(175,32): error TS18048: 'debit' is possibly 'undefined'.
src/utils/seedTransactions.ts(176,31): error TS18048: 'debit' is possibly 'undefined'.
src/utils/seedTransactions.ts(177,33): error TS18048: 'debit' is possibly 'undefined'.
src/utils/seedTransactions.ts(179,31): error TS18048: 'debit' is possibly 'undefined'.
src/utils/seedTransactions.ts(182,21): error TS2561: Object literal may only specify known properties, but 'subAccount' does not exist in type 'JournalLine'. Did you mean to write 'drSubAccount'?
src/utils/seedTransactions.ts(200,60): error TS2345: Argument of type '{ clientCode: string; driveFileId: string; driveFileUrl: string; status: "pending" | "approved"; transactionDate: Timestamp; confidenceScore: number; aiAnalysisRaw: string; lines: JournalLine[]; }' is not assignable to parameter of type 'Omit<Job, "id" | "createdAt" | "updatedAt">'.
  Type '{ clientCode: string; driveFileId: string; driveFileUrl: string; status: "pending" | "approved"; transactionDate: Timestamp; confidenceScore: number; aiAnalysisRaw: string; lines: JournalLine[]; }' is missing the following properties from type 'Omit<Job, "id" | "createdAt" | "updatedAt">': priority, retryCount
src/views/debug/Admin_TestPage_Strict.vue(68,30): error TS2339: Property 'innerText' does not exist on type 'Element'.
src/views/debug/ScreenA_KillTest.vue(26,15): error TS6133: 'onMounted' is declared but its value is never read.
src/views/debug/ScreenA_KillTest.vue(41,17): error TS2322: Type 'undefined' is not assignable to type 'string'.
src/views/debug/ScreenA_KillTest.vue(42,17): error TS2322: Type 'null' is not assignable to type 'string'.
src/views/debug/ScreenA_KillTest.vue(43,17): error TS2322: Type 'number' is not assignable to type 'string'.
src/views/debug/ScreenA_KillTest.vue(45,17): error TS2322: Type '"invalid_status_code"' is not assignable to type '"active" | "inactive" | "suspension"'.
src/views/debug/ScreenA_KillTest.vue(46,17): error TS2322: Type 'null' is not assignable to type '{ readonly type: "none" | "email" | "chatwork"; readonly value: string; }'.
src/views/debug/ScreenA_KillTest.vue(47,17): error TS2322: Type 'undefined' is not assignable to type 'boolean'.
src/views/debug/ScreenA_KillTest.vue(48,17): error TS2739: Type '{}' is missing the following properties from type '{ readonly storage: string; readonly journalOutput: string; readonly journalExclusion: string; readonly pastJournals: string; }': storage, journalOutput, journalExclusion, pastJournals
src/views/debug/ScreenA_KillTest.vue(50,13): error TS2740: Type '{ clientCode: string; }' is missing the following properties from type 'ClientUi': companyName, repName, staffName, type, and 33 more.
src/views/debug/ScreenA_KillTest.vue(63,15): error TS6133: 'longStr' is declared but its value is never read.
src/views/debug/ScreenA_KillTest.vue(68,13): error TS2740: Type '{ clientCode: string; companyName: string; repName: string; fiscalMonth: number; status: "active"; contact: { type: "none"; value: string; }; driveLinks: { storage: string; journalOutput: string; journalExclusion: string; pastJournals: string; }; ... 4 more ...; driveLinked: true; }' is missing the following properties from type 'ClientUi': staffName, type, calculationMethodLabel, actions, and 22 more.
src/views/debug/ScreenA_TestPage_Strict.vue(123,50): error TS2345: Argument of type '(c: Client) => { jobId: string; code: string; name: string; rep: string; isActive: boolean; type: string; fiscalMonth: number; contact: { type: string; value: string; }; settings: { software: "other" | "yayoi" | "freee" | "mf" | "tkc"; taxMethod: any; calcMethod: string; }; ... 34 more ...; updatedAt: Timestamp; }' is not assignable to parameter of type '(value: { readonly clientCode: string; readonly companyName: string; readonly repName: string; readonly staffName: string; readonly type: "corp" | "individual"; readonly fiscalMonth: number; ... 32 more ...; readonly calcMethodShortLabel: string; }, index: number, array: { ...; }[]) => { ...; }'.
  Types of parameters 'c' and 'value' are incompatible.
    Property 'updatedAt' is missing in type '{ readonly clientCode: string; readonly companyName: string; readonly repName: string; readonly staffName: string; readonly type: "corp" | "individual"; readonly fiscalMonth: number; ... 32 more ...; readonly calcMethodShortLabel: string; }' but required in type 'Client'.
src/views/debug/ScreenC_TestPage_Strict.vue(24,132): error TS2339: Property 'code' does not exist on type '{ clientCode: string; companyName: string; fiscalMonth: number; type: string; banks: { id: string; bankName: string; branchName: string; accountNumber: string; status: string; }[]; creditCards: never[]; jobId: string; } | { ...; }'.
  Property 'code' does not exist on type '{ clientCode: string; companyName: string; fiscalMonth: number; type: string; banks: { id: string; bankName: string; branchName: string; accountNumber: string; status: string; }[]; creditCards: never[]; jobId: string; }'.
src/views/debug/ScreenC_TestPage_Strict.vue(25,90): error TS2339: Property 'name' does not exist on type '{ clientCode: string; companyName: string; fiscalMonth: number; type: string; banks: { id: string; bankName: string; branchName: string; accountNumber: string; status: string; }[]; creditCards: never[]; jobId: string; } | { ...; }'.
  Property 'name' does not exist on type '{ clientCode: string; companyName: string; fiscalMonth: number; type: string; banks: { id: string; bankName: string; branchName: string; accountNumber: string; status: string; }[]; creditCards: never[]; jobId: string; }'.
src/views/debug/ScreenC_TestPage_Strict.vue(37,39): error TS2339: Property 'openReportModal' does not exist on type '{ testControls: boolean; mockIsDetailView: boolean; mockRouteParamsCode: string; isDetailView: boolean; currentClient: { clientCode: string; companyName: string; fiscalMonth: number; type: string; banks: { ...; }[]; creditCards: never[]; jobId: string; } | { ...; } | null | undefined; ... 36 more ...; _pStores?: Rec...'.
src/views/debug/ScreenC_TestPage_Strict.vue(62,65): error TS2554: Expected 0 arguments, but got 1.
src/views/debug/ScreenC_TestPage_Strict.vue(96,65): error TS2554: Expected 0 arguments, but got 1.
src/views/debug/ScreenC_TestPage_Strict.vue(316,25): error TS6133: 'onMounted' is declared but its value is never read.
src/views/debug/ScreenC_TestPage_Strict.vue(501,7): error TS6133: 'c_reportText' is declared but its value is never read.
src/views/debug/ScreenC_TestPage_Strict.vue(503,7): error TS6133: 'copyCReport' is declared but its value is never read.
src/views/debug/ScreenG_TestPage_Strict.vue(152,141): error TS2339: Property 'sourceSoftware' does not exist on type '{ readonly id: ConversionLogId; readonly timestamp: string; readonly clientName: string; readonly sourceSoftwareLabel: string; readonly targetSoftwareLabel: string; ... 5 more ...; readonly rowStyle: string; }'.
src/views/debug/ScreenG_TestPage_Strict.vue(154,144): error TS2339: Property 'targetSoftware' does not exist on type '{ readonly id: ConversionLogId; readonly timestamp: string; readonly clientName: string; readonly sourceSoftwareLabel: string; readonly targetSoftwareLabel: string; ... 5 more ...; readonly rowStyle: string; }'.
src/views/debug/ScreenG_TestPage_Strict.vue(154,188): error TS2339: Property 'targetSoftware' does not exist on type '{ readonly id: ConversionLogId; readonly timestamp: string; readonly clientName: string; readonly sourceSoftwareLabel: string; readonly targetSoftwareLabel: string; ... 5 more ...; readonly rowStyle: string; }'.
src/views/ScreenD_AIRules.vue(88,43): error TS2345: Argument of type '{ id: string; clientId: string; priority: number; status: "active" | "inactive" | "draft"; trigger: { type: "description" | "vendor" | "amount"; keyword: string; amountRange?: { min?: number | undefined; max?: number | undefined; } | undefined; }; ... 4 more ...; generatedBy: "ai" | "human"; }' is not assignable to parameter of type 'string'.
src/views/ScreenD_AIRules.vue(155,26): error TS6133: 'watch' is declared but its value is never read.
src/views/ScreenE_Workbench.vue(17,21): error TS2367: This comparison appears to be unintentional because the types '"Submitted" | "Approved"' and '"remanded"' have no overlap.
src/views/ScreenE_Workbench.vue(28,31): error TS2339: Property 'evidenceUrl' does not exist on type '{ id: string; status: "Submitted" | "Approved"; date: string; description: string; totalAmount: number; lines: { lineId: string; accountCode: string; accountName: string; debit: number; credit: number; ... 16 more ...; outOfPeriodReason?: string | undefined; }[]; ... 16 more ...; approvalWorkflow?: { ...; } | undefi...'.
src/views/ScreenE_Workbench.vue(30,33): error TS2339: Property 'evidenceUrl' does not exist on type '{ id: string; status: "Submitted" | "Approved"; date: string; description: string; totalAmount: number; lines: { lineId: string; accountCode: string; accountName: string; debit: number; credit: number; ... 16 more ...; outOfPeriodReason?: string | undefined; }[]; ... 16 more ...; approvalWorkflow?: { ...; } | undefi...'.
src/views/ScreenE_Workbench.vue(50,51): error TS2339: Property 'transactionDate' does not exist on type '{ id: string; status: "Submitted" | "Approved"; date: string; description: string; totalAmount: number; lines: { lineId: string; accountCode: string; accountName: string; debit: number; credit: number; ... 16 more ...; outOfPeriodReason?: string | undefined; }[]; ... 16 more ...; approvalWorkflow?: { ...; } | undefi...'.
src/views/ScreenE_Workbench.vue(51,45): error TS2339: Property 'transactionDate' does not exist on type '{ id: string; status: "Submitted" | "Approved"; date: string; description: string; totalAmount: number; lines: { lineId: string; accountCode: string; accountName: string; debit: number; credit: number; ... 16 more ...; outOfPeriodReason?: string | undefined; }[]; ... 16 more ...; approvalWorkflow?: { ...; } | undefi...'.
src/views/ScreenE_Workbench.vue(56,40): error TS2339: Property 'vendorName' does not exist on type '{ id: string; status: "Submitted" | "Approved"; date: string; description: string; totalAmount: number; lines: { lineId: string; accountCode: string; accountName: string; debit: number; credit: number; ... 16 more ...; outOfPeriodReason?: string | undefined; }[]; ... 16 more ...; approvalWorkflow?: { ...; } | undefi...'.
src/views/ScreenE_Workbench.vue(61,40): error TS2339: Property 'tNumber' does not exist on type '{ id: string; status: "Submitted" | "Approved"; date: string; description: string; totalAmount: number; lines: { lineId: string; accountCode: string; accountName: string; debit: number; credit: number; ... 16 more ...; outOfPeriodReason?: string | undefined; }[]; ... 16 more ...; approvalWorkflow?: { ...; } | undefi...'.
src/views/ScreenE_Workbench.vue(86,51): error TS2339: Property 'drAccount' does not exist on type '{ lineId: string; accountCode: string; accountName: string; debit: number; credit: number; taxCode: "TAXABLE_SALES_10" | "TAXABLE_SALES_REDUCED_8" | "NON_TAXABLE_SALES" | "OUT_OF_SCOPE_SALES" | ... 6 more ... | "IMPORT_TAX"; ... 15 more ...; outOfPeriodReason?: string | undefined; }'.
src/views/ScreenE_Workbench.vue(88,52): error TS2339: Property 'drTaxClass' does not exist on type '{ lineId: string; accountCode: string; accountName: string; debit: number; credit: number; taxCode: "TAXABLE_SALES_10" | "TAXABLE_SALES_REDUCED_8" | "NON_TAXABLE_SALES" | "OUT_OF_SCOPE_SALES" | ... 6 more ... | "IMPORT_TAX"; ... 15 more ...; outOfPeriodReason?: string | undefined; }'.
src/views/ScreenE_Workbench.vue(91,79): error TS7006: Parameter 'o' implicitly has an 'any' type.
src/views/ScreenE_Workbench.vue(104,58): error TS2339: Property 'drAmount' does not exist on type '{ lineId: string; accountCode: string; accountName: string; debit: number; credit: number; taxCode: "TAXABLE_SALES_10" | "TAXABLE_SALES_REDUCED_8" | "NON_TAXABLE_SALES" | "OUT_OF_SCOPE_SALES" | ... 6 more ... | "IMPORT_TAX"; ... 15 more ...; outOfPeriodReason?: string | undefined; }'.
src/views/ScreenE_Workbench.vue(109,51): error TS2339: Property 'crAccount' does not exist on type '{ lineId: string; accountCode: string; accountName: string; debit: number; credit: number; taxCode: "TAXABLE_SALES_10" | "TAXABLE_SALES_REDUCED_8" | "NON_TAXABLE_SALES" | "OUT_OF_SCOPE_SALES" | ... 6 more ... | "IMPORT_TAX"; ... 15 more ...; outOfPeriodReason?: string | undefined; }'.
src/views/ScreenE_Workbench.vue(111,52): error TS2339: Property 'crTaxClass' does not exist on type '{ lineId: string; accountCode: string; accountName: string; debit: number; credit: number; taxCode: "TAXABLE_SALES_10" | "TAXABLE_SALES_REDUCED_8" | "NON_TAXABLE_SALES" | "OUT_OF_SCOPE_SALES" | ... 6 more ... | "IMPORT_TAX"; ... 15 more ...; outOfPeriodReason?: string | undefined; }'.
src/views/ScreenE_Workbench.vue(114,79): error TS7006: Parameter 'o' implicitly has an 'any' type.
src/views/ScreenE_Workbench.vue(125,58): error TS2339: Property 'crAmount' does not exist on type '{ lineId: string; accountCode: string; accountName: string; debit: number; credit: number; taxCode: "TAXABLE_SALES_10" | "TAXABLE_SALES_REDUCED_8" | "NON_TAXABLE_SALES" | "OUT_OF_SCOPE_SALES" | ... 6 more ... | "IMPORT_TAX"; ... 15 more ...; outOfPeriodReason?: string | undefined; }'.
src/views/ScreenE_Workbench.vue(158,36): error TS2339: Property 'warnings' does not exist on type '{ isValid: boolean; errors: string[]; balanceDiff: number; }'.
src/views/ScreenE_Workbench.vue(159,48): error TS2339: Property 'warnings' does not exist on type '{ isValid: boolean; errors: string[]; balanceDiff: number; }'.
src/views/ScreenE_Workbench.vue(170,91): error TS2339: Property 'totalDebit' does not exist on type '{ id: string; status: "Submitted" | "Approved"; date: string; description: string; totalAmount: number; lines: { lineId: string; accountCode: string; accountName: string; debit: number; credit: number; ... 16 more ...; outOfPeriodReason?: string | undefined; }[]; ... 16 more ...; approvalWorkflow?: { ...; } | undefi...'.
src/views/ScreenE_Workbench.vue(174,91): error TS2339: Property 'totalCredit' does not exist on type '{ id: string; status: "Submitted" | "Approved"; date: string; description: string; totalAmount: number; lines: { lineId: string; accountCode: string; accountName: string; debit: number; credit: number; ... 16 more ...; outOfPeriodReason?: string | undefined; }[]; ... 16 more ...; approvalWorkflow?: { ...; } | undefi...'.
src/views/ScreenE_Workbench.vue(213,10): error TS2305: Module '"@/composables/useAccountingSystem"' has no exported member 'TAX_OPTIONS'.
src/views/ScreenE_Workbench.vue(217,5): error TS6133: 'loading' is declared but its value is never read.
src/views/ScreenE_Workbench.vue(230,30): error TS2339: Property 'consumptionTaxMode' does not exist on type '{ id: string; status: "Submitted" | "Approved"; date: string; description: string; totalAmount: number; lines: { lineId: string; accountCode: string; accountName: string; debit: number; credit: number; ... 16 more ...; outOfPeriodReason?: string | undefined; }[]; ... 16 more ...; approvalWorkflow?: { ...; } | undefi...'.
src/views/ScreenZ/ScreenZ_Dashboard.vue(217,106): error TS18048: 'staff.performance.annualApiCost' is possibly 'undefined'.
